<?xml version="1.0" encoding="utf-8"?>
<TestRun id="6703588b-6b8a-4481-b2a9-d5184912befa" name="maxim@MAXBI 2026-09-12 08:32:16" runUser="MAXBI\maxim" xmlns="http://microsoft.com/schemas/VisualStudio/TeamTest/2010">
  <Times creation="2026-09-12T08:32:16.9096163+02:00" queuing="2026-09-12T08:32:16.9096164+02:00" start="2026-09-12T08:32:15.9620058+02:00" finish="2026-09-12T08:32:16.9142241+02:00" />
  <TestSettings name="default" id="3c857f8a-4584-4c4e-88c0-0e92cd6e950a">
    <Deployment runDeploymentRoot="maxim_MAXBI_2026-09-12_08_32_16" />
  </TestSettings>
  <Results>
    <UnitTestResult executionId="0ea0d77c-6d71-444d-ad5f-4bc0885ac69f" testId="03133920-d3ad-abbb-24b1-30235a4629ea" testName="SAAIA.Backend.Tests.AdvancedAnalysisWorkerTests.Disabled_license_resolves_disabled_provider_before_provider_configuration" computerName="MAXBI" duration="00:00:00.0303403" startTime="2026-09-12T08:32:16.7926811+02:00" endTime="2026-09-12T08:32:16.7926815+02:00" testType="13cdc9d9-ddb5-4fa4-a97d-d965ccfc6d4b" outcome="Passed" testListId="8c84fa94-04c1-424b-9868-57a2d4851a1d" relativeResultsDirectory="0ea0d77c-6d71-444d-ad5f-4bc0885ac69f" />
    <UnitTestResult executionId="94c5f851-0de9-4922-98fd-31c0fab595bf" testId="231501be-eb19-6209-0589-2ce01a296f29" testName="SAAIA.Backend.Tests.AdvancedAnalysisEndpointsTests.Disabled_license_rejects_before_database_access" computerName="MAXBI" duration="00:00:00.0729971" startTime="2026-09-12T08:32:16.7469218+02:00" endTime="2026-09-12T08:32:16.7469302+02:00" testType="13cdc9d9-ddb5-4fa4-a97d-d965ccfc6d4b" outcome="Passed" testListId="8c84fa94-04c1-424b-9868-57a2d4851a1d" relativeResultsDirectory="94c5f851-0de9-4922-98fd-31c0fab595bf" />
    <UnitTestResult executionId="66e56d04-6bad-48f7-aef2-4e6b2caafd49" testId="d6ca5ae2-f3b0-8022-e58c-3307001d8250" testName="SAAIA.Backend.Tests.AdvancedAnalysisWorkerTests.Worker_does_not_touch_database_or_provider_when_license_is_disabled" computerName="MAXBI" duration="00:00:00.0145531" startTime="2026-09-12T08:32:16.7623393+02:00" endTime="2026-09-12T08:32:16.7623395+02:00" testType="13cdc9d9-ddb5-4fa4-a97d-d965ccfc6d4b" outcome="Passed" testListId="8c84fa94-04c1-424b-9868-57a2d4851a1d" relativeResultsDirectory="66e56d04-6bad-48f7-aef2-4e6b2caafd49" />
  </Results>
  <TestDefinitions>
    <UnitTest name="SAAIA.Backend.Tests.AdvancedAnalysisWorkerTests.Worker_does_not_touch_database_or_provider_when_license_is_disabled" storage="c:\users\maxim\desktop\ecom\aaa\saaia - rag\backend\saaia.backend.tests\bin\release\net8.0\saaia.backend.tests.dll" id="d6ca5ae2-f3b0-8022-e58c-3307001d8250">
      <Execution id="66e56d04-6bad-48f7-aef2-4e6b2caafd49" />
      <TestMethod codeBase="C:\Users\maxim\Desktop\ecom\AAA\SAAIA - RAG\backend\SAAIA.Backend.Tests\bin\Release\net8.0\SAAIA.Backend.Tests.dll" adapterTypeName="executor://xunit/VsTestRunner2/netcoreapp" className="SAAIA.Backend.Tests.AdvancedAnalysisWorkerTests" name="Worker_does_not_touch_database_or_provider_when_license_is_disabled" />
    </UnitTest>
    <UnitTest name="SAAIA.Backend.Tests.AdvancedAnalysisWorkerTests.Disabled_license_resolves_disabled_provider_before_provider_configuration" storage="c:\users\maxim\desktop\ecom\aaa\saaia - rag\backend\saaia.backend.tests\bin\release\net8.0\saaia.backend.tests.dll" id="03133920-d3ad-abbb-24b1-30235a4629ea">
      <Execution id="0ea0d77c-6d71-444d-ad5f-4bc0885ac69f" />
      <TestMethod codeBase="C:\Users\maxim\Desktop\ecom\AAA\SAAIA - RAG\backend\SAAIA.Backend.Tests\bin\Release\net8.0\SAAIA.Backend.Tests.dll" adapterTypeName="executor://xunit/VsTestRunner2/netcoreapp" className="SAAIA.Backend.Tests.AdvancedAnalysisWorkerTests" name="Disabled_license_resolves_disabled_provider_before_provider_configuration" />
    </UnitTest>
    <UnitTest name="SAAIA.Backend.Tests.AdvancedAnalysisEndpointsTests.Disabled_license_rejects_before_database_access" storage="c:\users\maxim\desktop\ecom\aaa\saaia - rag\backend\saaia.backend.tests\bin\release\net8.0\saaia.backend.tests.dll" id="231501be-eb19-6209-0589-2ce01a296f29">
      <Execution id="94c5f851-0de9-4922-98fd-31c0fab595bf" />
      <TestMethod codeBase="C:\Users\maxim\Desktop\ecom\AAA\SAAIA - RAG\backend\SAAIA.Backend.Tests\bin\Release\net8.0\SAAIA.Backend.Tests.dll" adapterTypeName="executor://xunit/VsTestRunner2/netcoreapp" className="SAAIA.Backend.Tests.AdvancedAnalysisEndpointsTests" name="Disabled_license_rejects_before_database_access" />
    </UnitTest>
  </TestDefinitions>
  <TestEntries>
    <TestEntry testId="03133920-d3ad-abbb-24b1-30235a4629ea" executionId="0ea0d77c-6d71-444d-ad5f-4bc0885ac69f" testListId="8c84fa94-04c1-424b-9868-57a2d4851a1d" />
    <TestEntry testId="231501be-eb19-6209-0589-2ce01a296f29" executionId="94c5f851-0de9-4922-98fd-31c0fab595bf" testListId="8c84fa94-04c1-424b-9868-57a2d4851a1d" />
    <TestEntry testId="d6ca5ae2-f3b0-8022-e58c-3307001d8250" executionId="66e56d04-6bad-48f7-aef2-4e6b2caafd49" testListId="8c84fa94-04c1-424b-9868-57a2d4851a1d" />
  </TestEntries>
  <TestLists>
    <TestList name="Les résultats ne figurent pas dans une liste" id="8c84fa94-04c1-424b-9868-57a2d4851a1d" />
    <TestList name="Tous les résultats chargés" id="19431567-8539-422a-85d7-44ee4e166bda" />
  </TestLists>
  <ResultSummary outcome="Completed">
    <Counters total="3" executed="3" passed="3" failed="0" error="0" timeout="0" aborted="0" inconclusive="0" passedButRunAborted="0" notRunnable="0" notExecuted="0" disconnected="0" warning="0" completed="0" inProgress="0" pending="0" />
    <Output>
      <StdOut>[xUnit.net 00:00:00.00] xUnit.net VSTest Adapter v2.8.2+699d445a1a (64-bit .NET 8.0.27)&#xD;
[xUnit.net 00:00:00.19]   Discovering: SAAIA.Backend.Tests&#xD;
[xUnit.net 00:00:00.32]   Discovered:  SAAIA.Backend.Tests&#xD;
[xUnit.net 00:00:00.32]   Starting:    SAAIA.Backend.Tests&#xD;
[xUnit.net 00:00:00.46]   Finished:    SAAIA.Backend.Tests&#xD;
</StdOut>
    </Output>
  </ResultSummary>
</TestRun>